This is pdfTeX, Version 3.14159265-2.6-1.40.15 (TeX Live 2014/Arch Linux) (preloaded format=pdflatex 2014.9.17)  15 JAN 2015 13:41
entering extended mode
 restricted \write18 enabled.
 %&-line parsing enabled.
**capa.tex
(./capa.tex
LaTeX2e <2014/05/01>
Babel <3.9k> and hyphenation patterns for 79 languages loaded.
)
! Emergency stop.
<*> capa.tex
            
*** (job aborted, no legal \end found)

 
Here is how much of TeX's memory you used:
 10 strings out of 493108
 161 string characters out of 6140725
 52957 words of memory out of 5000000
 3574 multiletter control sequences out of 15000+600000
 3640 words of font info for 14 fonts, out of 8000000 for 9000
 1141 hyphenation exceptions out of 8191
 7i,0n,6p,111b,8s stack positions out of 5000i,500n,10000p,200000b,80000s
!  ==> Fatal error occurred, no output PDF file produced!
